**********************
PowerShell transcript start
Start time: 20250621034312
Username: CALVIN\calvi
RunAs User: CALVIN\calvi
Configuration Name: 
Machine: CALVIN (Microsoft Windows NT 10.0.26100.0)
Host Application: C:\Program Files\PowerShell\7\pwsh.dll -NoProfile -ExecutionPolicy Bypass -Command Import-Module 'c:\Users\calvi\.cursor\extensions\ms-vscode.powershell-2025.0.0\modules\PowerShellEditorServices\PowerShellEditorServices.psd1'; Start-EditorServices -HostName 'Visual Studio Code Host' -HostProfileId 'Microsoft.VSCode' -HostVersion '2025.0.0' -BundledModulesPath 'c:\Users\calvi\.cursor\extensions\ms-vscode.powershell-2025.0.0\modules' -EnableConsoleRepl -StartupBanner "PowerShell Extension v2025.0.0
Copyright (c) Microsoft Corporation.

https://aka.ms/vscode-powershell
Type 'help' to get help.
" -LogLevel 'Warning' -LogPath 'c:\Users\calvi\AppData\Roaming\Cursor\logs\20250620T193237\window2\exthost\ms-vscode.powershell' -SessionDetailsPath 'c:\Users\calvi\AppData\Roaming\Cursor\User\globalStorage\ms-vscode.powershell\sessions\PSES-VSCode-27224-259618.json' -FeatureFlags @() 
Process ID: 31304
PSVersion: 7.5.1
PSEdition: Core
GitCommitId: 7.5.1
OS: Microsoft Windows 10.0.26100
Platform: Win32NT
PSCompatibleVersions: 1.0, 2.0, 3.0, 4.0, 5.0, 5.1, 6.0, 7.0
PSRemotingProtocolVersion: 2.3
SerializationVersion: 1.1.0.1
WSManStackVersion: 3.0
**********************
Transcript started, output file is yaugerrun_calvindd2f_example.log
]633;D;0]633;A]633;P;Cwd=C:\x5cUsers\x5ccalvi\x5cSource\x5cYaugerAIOPS C:\Users\calvi\Source\YaugerAIO> ]633;B
